\BOOKMARK [1][-]{section.1}{\376\377\000I\000n\000t\000r\000o\000d\000u\000c\000t\000i\000o\000n}{}% 1
\BOOKMARK [1][-]{section.2}{\376\377\000R\000e\000l\000a\000t\000e\000d\000\040\000W\000o\000r\000k}{}% 2
\BOOKMARK [1][-]{section.3}{\376\377\000W\000h\000y\000\040\000F\000i\000x\000e\000d\000-\000D\000i\000r\000e\000c\000t\000i\000o\000n\000\040\000G\000a\000t\000i\000n\000g\000\040\000F\000a\000i\000l\000s}{}% 3
\BOOKMARK [2][-]{subsection.3.1}{\376\377\000S\000i\000g\000n\000a\000l\040\023\000U\000t\000i\000l\000i\000t\000y\000\040\000D\000i\000r\000e\000c\000t\000i\000o\000n\000\040\000R\000e\000v\000e\000r\000s\000e\000s\000\040\000A\000c\000r\000o\000s\000s\000\040\000E\000n\000v\000i\000r\000o\000n\000m\000e\000n\000t\000s\000\040\000a\000n\000d\000\040\000B\000a\000c\000k\000b\000o\000n\000e\000s}{section.3}% 4
\BOOKMARK [2][-]{subsection.3.2}{\376\377\000W\000h\000y\000\040\000D\000o\000e\000s\000\040\000D\000i\000r\000e\000c\000t\000i\000o\000n\000\040\000R\000e\000v\000e\000r\000s\000e\000?\000\040\000A\000\040\000T\000w\000o\000-\000S\000o\000u\000r\000c\000e\000\040\000M\000o\000d\000e\000l}{section.3}% 5
\BOOKMARK [2][-]{subsection.3.3}{\376\377\000N\000e\000c\000e\000s\000s\000i\000t\000y\000\040\000o\000f\000\040\000D\000i\000r\000e\000c\000t\000i\000o\000n\000\040\000D\000i\000s\000c\000o\000v\000e\000r\000y}{section.3}% 6
\BOOKMARK [1][-]{section.4}{\376\377\000M\000e\000t\000h\000o\000d\000:\000\040\000E\000n\000v\000i\000r\000o\000n\000m\000e\000n\000t\000-\000A\000w\000a\000r\000e\000\040\000A\000d\000a\000p\000t\000i\000v\000e\000\040\000G\000a\000t\000i\000n\000g}{}% 7
\BOOKMARK [2][-]{subsection.4.1}{\376\377\000E\000x\000p\000l\000o\000r\000e\000:\000\040\000S\000i\000g\000n\000a\000l\000-\000A\000g\000n\000o\000s\000t\000i\000c\000\040\000D\000a\000t\000a\000\040\000C\000o\000l\000l\000e\000c\000t\000i\000o\000n}{section.4}% 8
\BOOKMARK [2][-]{subsection.4.2}{\376\377\000R\000e\000a\000s\000o\000n\000:\000\040\000L\000L\000M\000\040\000F\000e\000a\000t\000u\000r\000e\000\040\000L\000a\000y\000e\000r}{section.4}% 9
\BOOKMARK [2][-]{subsection.4.3}{\376\377\000L\000e\000a\000r\000n\000:\000\040\000S\000p\000a\000r\000s\000e\000\040\000L\000i\000n\000e\000a\000r\000\040\000G\000a\000t\000e}{section.4}% 10
\BOOKMARK [1][-]{section.5}{\376\377\000E\000x\000p\000e\000r\000i\000m\000e\000n\000t\000s}{}% 11
\BOOKMARK [2][-]{subsection.5.1}{\376\377\000E\000x\000p\000e\000r\000i\000m\000e\000n\000t\000a\000l\000\040\000S\000e\000t\000u\000p}{section.5}% 12
\BOOKMARK [2][-]{subsection.5.2}{\376\377\000M\000a\000i\000n\000\040\000R\000e\000s\000u\000l\000t\000s}{section.5}% 13
\BOOKMARK [2][-]{subsection.5.3}{\376\377\000A\000b\000l\000a\000t\000i\000o\000n\000\040\000S\000t\000u\000d\000i\000e\000s}{section.5}% 14
\BOOKMARK [2][-]{subsection.5.4}{\376\377\000T\000w\000o\000-\000S\000o\000u\000r\000c\000e\000\040\000M\000o\000d\000e\000l\000\040\000V\000e\000r\000i\000f\000i\000c\000a\000t\000i\000o\000n}{section.5}% 15
\BOOKMARK [1][-]{section.6}{\376\377\000L\000i\000m\000i\000t\000a\000t\000i\000o\000n\000s}{}% 16
\BOOKMARK [1][-]{section.7}{\376\377\000C\000o\000n\000c\000l\000u\000s\000i\000o\000n}{}% 17
\BOOKMARK [1][-]{appendix.A}{\376\377\000E\000x\000t\000e\000n\000d\000e\000d\000\040\000R\000e\000l\000a\000t\000e\000d\000\040\000W\000o\000r\000k}{}% 18
\BOOKMARK [2][-]{subsection.A.1}{\376\377\000A\000d\000a\000p\000t\000i\000v\000e\000\040\000C\000o\000m\000p\000u\000t\000e\000:\000\040\000R\000e\000a\000s\000o\000n\000i\000n\000g\000\040\000v\000s\000.\000\040\000A\000g\000e\000n\000t\000\040\000S\000e\000t\000t\000i\000n\000g\000s}{appendix.A}% 19
\BOOKMARK [2][-]{subsection.A.2}{\376\377\000A\000d\000a\000p\000t\000i\000v\000e\000\040\000C\000o\000m\000p\000u\000t\000a\000t\000i\000o\000n\000\040\000i\000n\000\040\000N\000e\000u\000r\000a\000l\000\040\000N\000e\000t\000w\000o\000r\000k\000s}{appendix.A}% 20
\BOOKMARK [2][-]{subsection.A.3}{\376\377\000L\000L\000M\000\040\000C\000o\000n\000f\000i\000d\000e\000n\000c\000e\000\040\000E\000s\000t\000i\000m\000a\000t\000i\000o\000n\000\040\000a\000n\000d\000\040\000C\000a\000l\000i\000b\000r\000a\000t\000i\000o\000n}{appendix.A}% 21
\BOOKMARK [2][-]{subsection.A.4}{\376\377\000M\000e\000t\000a\000r\000e\000a\000s\000o\000n\000i\000n\000g\000\040\000a\000n\000d\000\040\000V\000a\000l\000u\000e\000\040\000o\000f\000\040\000C\000o\000m\000p\000u\000t\000a\000t\000i\000o\000n}{appendix.A}% 22
\BOOKMARK [2][-]{subsection.A.5}{\376\377\000S\000i\000m\000p\000s\000o\000n\000'\000s\000\040\000P\000a\000r\000a\000d\000o\000x\000\040\000i\000n\000\040\000M\000a\000c\000h\000i\000n\000e\000\040\000L\000e\000a\000r\000n\000i\000n\000g}{appendix.A}% 23
\BOOKMARK [2][-]{subsection.A.6}{\376\377\000S\000e\000a\000r\000c\000h\000-\000B\000a\000s\000e\000d\000\040\000O\000p\000t\000i\000m\000i\000z\000e\000r\000s}{appendix.A}% 24
\BOOKMARK [1][-]{appendix.B}{\376\377\000T\000h\000e\000o\000r\000e\000t\000i\000c\000a\000l\000\040\000M\000a\000t\000e\000r\000i\000a\000l}{}% 25
\BOOKMARK [2][-]{subsection.B.1}{\376\377\000P\000r\000o\000o\000f\000\040\000o\000f\000\040\000P\000r\000o\000p\000o\000s\000i\000t\000i\000o\000n\000\040\0001\000\040\000\050\000N\000e\000c\000e\000s\000s\000i\000t\000y\000\040\000o\000f\000\040\000D\000i\000r\000e\000c\000t\000i\000o\000n\000\040\000D\000i\000s\000c\000o\000v\000e\000r\000y\000\051}{appendix.B}% 26
\BOOKMARK [2][-]{subsection.B.2}{\376\377\000W\000r\000o\000n\000g\000-\000D\000i\000r\000e\000c\000t\000i\000o\000n\000\040\000D\000a\000m\000a\000g\000e\000\040\000Q\000u\000a\000n\000t\000i\000f\000i\000c\000a\000t\000i\000o\000n}{appendix.B}% 27
\BOOKMARK [2][-]{subsection.B.3}{\376\377\000V\000O\000C\000\040\000N\000o\000n\000-\000N\000e\000g\000a\000t\000i\000v\000i\000t\000y\000\040\000S\000c\000o\000p\000e}{appendix.B}% 28
\BOOKMARK [1][-]{appendix.C}{\376\377\000E\000x\000p\000e\000r\000i\000m\000e\000n\000t\000a\000l\000\040\000S\000e\000t\000u\000p}{}% 29
\BOOKMARK [2][-]{subsection.C.1}{\376\377\000E\000n\000v\000i\000r\000o\000n\000m\000e\000n\000t\000\040\000S\000p\000e\000c\000i\000f\000i\000c\000a\000t\000i\000o\000n\000s}{appendix.C}% 30
\BOOKMARK [2][-]{subsection.C.2}{\376\377\000D\000e\000t\000a\000i\000l\000e\000d\000\040\000B\000a\000s\000e\000l\000i\000n\000e\000\040\000C\000o\000m\000p\000a\000r\000i\000s\000o\000n}{appendix.C}% 31
\BOOKMARK [2][-]{subsection.C.3}{\376\377\000E\000A\000A\000G\000\040\000I\000m\000p\000l\000e\000m\000e\000n\000t\000a\000t\000i\000o\000n\000\040\000D\000e\000t\000a\000i\000l\000s}{appendix.C}% 32
\BOOKMARK [2][-]{subsection.C.4}{\376\377\000L\000L\000M\000\040\000R\000e\000a\000s\000o\000n\000i\000n\000g\000\040\000P\000r\000o\000m\000p\000t\000s}{appendix.C}% 33
\BOOKMARK [2][-]{subsection.C.5}{\376\377\000C\000o\000m\000p\000u\000t\000a\000t\000i\000o\000n\000a\000l\000\040\000C\000o\000s\000t\000\040\000B\000r\000e\000a\000k\000d\000o\000w\000n}{appendix.C}% 34
\BOOKMARK [1][-]{appendix.D}{\376\377\000F\000u\000l\000l\000\040\000R\000e\000s\000u\000l\000t\000s}{}% 35
\BOOKMARK [1][-]{appendix.E}{\376\377\000S\000i\000g\000n\000a\000l\000\040\000a\000n\000d\000\040\000F\000e\000a\000t\000u\000r\000e\000\040\000A\000n\000a\000l\000y\000s\000e\000s}{}% 36
\BOOKMARK [2][-]{subsection.E.1}{\376\377\000P\000e\000r\000-\000E\000n\000v\000i\000r\000o\000n\000m\000e\000n\000t\000\040\000F\000e\000a\000t\000u\000r\000e\000\040\000S\000e\000l\000e\000c\000t\000i\000o\000n}{appendix.E}% 37
\BOOKMARK [2][-]{subsection.E.2}{\376\377\000L\000L\000M\000-\000G\000e\000n\000e\000r\000a\000t\000e\000d\000\040\000F\000e\000a\000t\000u\000r\000e\000s}{appendix.E}% 38
\BOOKMARK [2][-]{subsection.E.3}{\376\377\000A\000U\000C\000\040\000H\000i\000e\000r\000a\000r\000c\000h\000y\000:\000\040\000S\000i\000n\000g\000l\000e\000\040\000v\000s\000.\000\040\000M\000u\000l\000t\000i\000-\000S\000i\000g\000n\000a\000l\000\040\000G\000a\000t\000e\000s}{appendix.E}% 39
\BOOKMARK [1][-]{appendix.F}{\376\377\000R\000o\000b\000u\000s\000t\000n\000e\000s\000s\000\040\000a\000n\000d\000\040\000A\000d\000d\000i\000t\000i\000o\000n\000a\000l\000\040\000E\000x\000p\000e\000r\000i\000m\000e\000n\000t\000s}{}% 40
\BOOKMARK [2][-]{subsection.F.1}{\376\377\000T\000e\000m\000p\000o\000r\000a\000l\000\040\000D\000y\000n\000a\000m\000i\000c\000s\000\040\000\050\000P\0001\000\051}{appendix.F}% 41
\BOOKMARK [2][-]{subsection.F.2}{\376\377\000S\000i\000g\000n\000a\000l\000\040\000I\000d\000e\000n\000t\000i\000t\000y\000\040\000A\000l\000i\000g\000n\000m\000e\000n\000t\000\040\000\050\000P\0003\000\051}{appendix.F}% 42
\BOOKMARK [2][-]{subsection.F.3}{\376\377\000C\000o\000n\000t\000r\000o\000l\000l\000e\000d\000\040\000I\000n\000f\000o\000r\000m\000a\000t\000i\000o\000n\000\040\000M\000a\000n\000i\000p\000u\000l\000a\000t\000i\000o\000n}{appendix.F}% 43
\BOOKMARK [2][-]{subsection.F.4}{\376\377\000M\000u\000l\000t\000i\000-\000B\000a\000c\000k\000b\000o\000n\000e\000\040\000V\000e\000r\000i\000f\000i\000c\000a\000t\000i\000o\000n}{appendix.F}% 44
\BOOKMARK [2][-]{subsection.F.5}{\376\377\000S\000t\000r\000a\000t\000i\000f\000i\000e\000d\000\040\000A\000n\000a\000l\000y\000s\000i\000s\000:\000\040\000C\000o\000n\000t\000r\000o\000l\000l\000i\000n\000g\000\040\000f\000o\000r\000\040\000T\000r\000a\000j\000e\000c\000t\000o\000r\000y\000\040\000L\000e\000n\000g\000t\000h}{appendix.F}% 45
\BOOKMARK [2][-]{subsection.F.6}{\376\377\000G\000a\000t\000e\000\040\000C\000o\000m\000p\000l\000e\000x\000i\000t\000y\000\040\000A\000b\000l\000a\000t\000i\000o\000n}{appendix.F}% 46
\BOOKMARK [2][-]{subsection.F.7}{\376\377\000E\000n\000v\000i\000r\000o\000n\000m\000e\000n\000t\000-\000A\000d\000a\000p\000t\000i\000v\000e\000\040\000T\000r\000i\000g\000g\000e\000r\000\040\000B\000e\000h\000a\000v\000i\000o\000r}{appendix.F}% 47
\BOOKMARK [2][-]{subsection.F.8}{\376\377\000H\000y\000p\000e\000r\000p\000a\000r\000a\000m\000e\000t\000e\000r\000\040\000S\000e\000n\000s\000i\000t\000i\000v\000i\000t\000y}{appendix.F}% 48
\BOOKMARK [1][-]{appendix.G}{\376\377\000B\000r\000o\000a\000d\000e\000r\000\040\000I\000m\000p\000a\000c\000t}{}% 49
